\BOOKMARK [1][-]{section.1}{\376\377\000H\000y\000p\000o\000t\000h\000e\000s\000i\000s\000\040\000S\000u\000m\000m\000a\000r\000y}{}% 1
\BOOKMARK [1][-]{section.2}{\376\377\000H\000y\000p\000o\000t\000h\000e\000s\000i\000s\000\040\000D\000e\000t\000a\000i\000l\000s}{}% 2
\BOOKMARK [2][-]{subsection.2.1}{\376\377\000E\000c\000o\000n\000-\000A\000s\000t\000r\000o\000\040\000F\000u\000n\000d\000i\000n\000g\000\040\000C\000o\000r\000r\000e\000l\000a\000t\000i\000o\000n\000\040\000\050\000C\000D\000-\0000\0000\0001\000\051}{section.2}% 3
\BOOKMARK [2][-]{subsection.2.2}{\376\377\000S\000u\000r\000v\000e\000y\000\040\000D\000e\000s\000i\000g\000n\000\040\000O\000p\000t\000i\000m\000i\000z\000a\000t\000i\000o\000n\000\040\000\050\000C\000D\000-\0000\0000\0002\000\051}{section.2}% 4
\BOOKMARK [2][-]{subsection.2.3}{\376\377\000H\000u\000b\000b\000l\000e\000\040\000T\000e\000n\000s\000i\000o\000n\000\040\000A\000n\000a\000l\000y\000s\000i\000s\000\040\000\050\000H\0000\0000\0001\000\051}{section.2}% 5
\BOOKMARK [2][-]{subsection.2.4}{\376\377\000G\000a\000l\000a\000x\000y\000\040\000C\000o\000l\000o\000r\000\040\000B\000i\000m\000o\000d\000a\000l\000i\000t\000y\000\040\000\050\000H\0000\0000\0002\000\051}{section.2}% 6
\BOOKMARK [2][-]{subsection.2.5}{\376\377\000E\000x\000o\000p\000l\000a\000n\000e\000t\000\040\000M\000a\000s\000s\000-\000P\000e\000r\000i\000o\000d\000\040\000R\000e\000l\000a\000t\000i\000o\000n\000\040\000\050\000H\0000\0000\0003\000\051}{section.2}% 7
\BOOKMARK [2][-]{subsection.2.6}{\376\377\000G\000a\000i\000a\000\040\000H\000R\000\040\000D\000i\000a\000g\000r\000a\000m\000\040\000S\000t\000r\000u\000c\000t\000u\000r\000e\000\040\000\050\000H\0000\0000\0004\000\051}{section.2}% 8
\BOOKMARK [2][-]{subsection.2.7}{\376\377\000G\000a\000l\000a\000x\000y\000\040\000R\000e\000d\000s\000h\000i\000f\000t\000\040\000D\000i\000s\000t\000r\000i\000b\000u\000t\000i\000o\000n\000\040\000\050\000H\0000\0000\0005\000\051}{section.2}% 9
\BOOKMARK [2][-]{subsection.2.8}{\376\377\000E\000x\000o\000p\000l\000a\000n\000e\000t\000\040\000P\000e\000r\000i\000o\000d\000\040\000D\000i\000s\000t\000r\000i\000b\000u\000t\000i\000o\000n\000\040\000\050\000H\0000\0000\0006\000\051}{section.2}% 10
\BOOKMARK [2][-]{subsection.2.9}{\376\377\000S\000t\000e\000l\000l\000a\000r\000\040\000P\000a\000r\000a\000l\000l\000a\000x\000\040\000A\000c\000c\000u\000r\000a\000c\000y\000\040\000\050\000H\0000\0000\0007\000\051}{section.2}% 11
\BOOKMARK [2][-]{subsection.2.10}{\376\377\000S\000t\000a\000r\000\040\000F\000o\000r\000m\000a\000t\000i\000o\000n\000\040\000F\000r\000a\000c\000t\000i\000o\000n\000\040\000\050\000H\0000\0000\0008\000\051}{section.2}% 12
\BOOKMARK [2][-]{subsection.2.11}{\376\377\000T\000r\000a\000n\000s\000i\000t\000\040\000D\000e\000p\000t\000h\000\040\000S\000t\000a\000t\000i\000s\000t\000i\000c\000s\000\040\000\050\000H\0000\0000\0009\000\051}{section.2}% 13
\BOOKMARK [2][-]{subsection.2.12}{\376\377\000D\000a\000r\000k\000\040\000E\000n\000e\000r\000g\000y\000\040\000E\000q\000u\000a\000t\000i\000o\000n\000\040\000o\000f\000\040\000S\000t\000a\000t\000e\000\040\000\050\000H\0000\0001\0000\000\051}{section.2}% 14
\BOOKMARK [2][-]{subsection.2.13}{\376\377\000G\000W\000\040\000M\000a\000s\000s\000\040\000D\000i\000s\000t\000r\000i\000b\000u\000t\000i\000o\000n\000\040\000\050\000H\0000\0001\0001\000\051}{section.2}% 15
\BOOKMARK [2][-]{subsection.2.14}{\376\377\000C\000M\000B\000\040\000A\000c\000o\000u\000s\000t\000i\000c\000\040\000P\000e\000a\000k\000\040\000S\000t\000r\000u\000c\000t\000u\000r\000e\000\040\000\050\000H\0000\0001\0002\000\051}{section.2}% 16
\BOOKMARK [2][-]{subsection.2.15}{\376\377\000Z\000T\000F\000\040\000T\000r\000a\000n\000s\000i\000e\000n\000t\000\040\000C\000l\000a\000s\000s\000i\000f\000i\000c\000a\000t\000i\000o\000n\000\040\000\050\000H\0000\0001\0003\000\051}{section.2}% 17
\BOOKMARK [2][-]{subsection.2.16}{\376\377\000T\000E\000S\000S\000\040\000S\000t\000e\000l\000l\000a\000r\000\040\000H\000o\000s\000t\000\040\000P\000a\000r\000a\000m\000e\000t\000e\000r\000s\000\040\000\050\000H\0000\0001\0004\000\051}{section.2}% 18
\BOOKMARK [2][-]{subsection.2.17}{\376\377\000C\000l\000u\000s\000t\000e\000r\000\040\000R\000i\000c\000h\000n\000e\000s\000s\000-\000M\000a\000s\000s\000\040\000S\000c\000a\000l\000i\000n\000g\000\040\000\050\000H\0000\0001\0005\000\051}{section.2}% 19
\BOOKMARK [2][-]{subsection.2.18}{\376\377\000G\000W\000\040\000E\000l\000e\000c\000t\000r\000o\000m\000a\000g\000n\000e\000t\000i\000c\000\040\000C\000o\000u\000n\000t\000e\000r\000p\000a\000r\000t\000\040\000\050\000H\0000\0001\0006\000\051}{section.2}% 20
\BOOKMARK [2][-]{subsection.2.19}{\376\377\000S\000t\000e\000l\000l\000a\000r\000\040\000T\000E\000S\000S\000-\000G\000a\000i\000a\000\040\000C\000r\000o\000s\000s\000-\000M\000a\000t\000c\000h\000\040\000\050\000H\0000\0001\0007\000\051}{section.2}% 21
\BOOKMARK [2][-]{subsection.2.20}{\376\377\000E\000x\000o\000p\000l\000a\000n\000e\000t\000\040\000R\000e\000d\000s\000h\000i\000f\000t\000-\000D\000i\000s\000t\000a\000n\000c\000e\000\137\000M\000o\000d\000u\000l\000u\000s\000\040\000S\000c\000a\000l\000i\000n\000g\000\040\000R\000e\000l\000a\000t\000i\000o\000n\000\040\000\050\000H\0000\0001\0008\000\051}{section.2}% 22
\BOOKMARK [2][-]{subsection.2.21}{\376\377\000C\000a\000u\000s\000a\000l\000\040\000S\000t\000r\000u\000c\000t\000u\000r\000e\000:\000\040\000M\000\137\000B\000\040\041\222\000\040\000Z\000h\000d\000\040\000\050\000H\0000\0001\0009\000\051}{section.2}% 23
\BOOKMARK [2][-]{subsection.2.22}{\376\377\000E\000x\000o\000p\000l\000a\000n\000e\000t\000\040\000R\000e\000d\000s\000h\000i\000f\000t\000-\000D\000i\000s\000t\000a\000n\000c\000e\000\137\000M\000o\000d\000u\000l\000u\000s\000\040\000S\000c\000a\000l\000i\000n\000g\000\040\000R\000e\000l\000a\000t\000i\000o\000n\000\040\000\050\000v\0002\000\051\000\040\000\050\000H\0000\0002\0000\000\051}{section.2}% 24
\BOOKMARK [2][-]{subsection.2.23}{\376\377\000G\000a\000l\000a\000x\000y\000\040\000R\000e\000d\000s\000h\000i\000f\000t\000\040\000B\000i\000m\000o\000d\000a\000l\000i\000t\000y\000\040\000D\000e\000e\000p\000\040\000D\000i\000v\000e\000\040\000\050\000H\0000\0002\0001\000\051}{section.2}% 25
\BOOKMARK [2][-]{subsection.2.24}{\376\377\000E\000x\000o\000p\000l\000a\000n\000e\000t\000\040\000R\000e\000d\000s\000h\000i\000f\000t\000-\000D\000i\000s\000t\000a\000n\000c\000e\000\137\000M\000o\000d\000u\000l\000u\000s\000\040\000S\000c\000a\000l\000i\000n\000g\000\040\000R\000e\000l\000a\000t\000i\000o\000n\000\040\000\050\000v\0003\000\051\000\040\000\050\000H\0000\0002\0002\000\051}{section.2}% 26
\BOOKMARK [2][-]{subsection.2.25}{\376\377\000G\000a\000l\000a\000x\000y\000\040\000R\000e\000d\000s\000h\000i\000f\000t\000\040\000B\000i\000m\000o\000d\000a\000l\000i\000t\000y\000\040\000D\000e\000e\000p\000\040\000D\000i\000v\000e\000\040\000\050\000v\0002\000\051\000\040\000\050\000H\0000\0002\0003\000\051}{section.2}% 27
\BOOKMARK [2][-]{subsection.2.26}{\376\377\000E\000x\000o\000p\000l\000a\000n\000e\000t\000\040\000R\000e\000d\000s\000h\000i\000f\000t\000-\000D\000i\000s\000t\000a\000n\000c\000e\000\137\000M\000o\000d\000u\000l\000u\000s\000\040\000S\000c\000a\000l\000i\000n\000g\000\040\000R\000e\000l\000a\000t\000i\000o\000n\000\040\000\050\000v\0004\000\051\000\040\000\050\000H\0000\0002\0004\000\051}{section.2}% 28
\BOOKMARK [2][-]{subsection.2.27}{\376\377\000G\000a\000l\000a\000x\000y\000\040\000R\000e\000d\000s\000h\000i\000f\000t\000\040\000B\000i\000m\000o\000d\000a\000l\000i\000t\000y\000\040\000D\000e\000e\000p\000\040\000D\000i\000v\000e\000\040\000\050\000v\0003\000\051\000\040\000\050\000H\0000\0002\0005\000\051}{section.2}% 29
\BOOKMARK [2][-]{subsection.2.28}{\376\377\000E\000x\000o\000p\000l\000a\000n\000e\000t\000\040\000R\000e\000d\000s\000h\000i\000f\000t\000-\000D\000i\000s\000t\000a\000n\000c\000e\000\137\000M\000o\000d\000u\000l\000u\000s\000\040\000S\000c\000a\000l\000i\000n\000g\000\040\000R\000e\000l\000a\000t\000i\000o\000n\000\040\000\050\000v\0005\000\051\000\040\000\050\000H\0000\0002\0006\000\051}{section.2}% 30
\BOOKMARK [2][-]{subsection.2.29}{\376\377\000G\000a\000l\000a\000x\000y\000\040\000R\000e\000d\000s\000h\000i\000f\000t\000\040\000B\000i\000m\000o\000d\000a\000l\000i\000t\000y\000\040\000D\000e\000e\000p\000\040\000D\000i\000v\000e\000\040\000\050\000v\0004\000\051\000\040\000\050\000H\0000\0002\0007\000\051}{section.2}% 31
\BOOKMARK [2][-]{subsection.2.30}{\376\377\000E\000x\000o\000p\000l\000a\000n\000e\000t\000\040\000R\000e\000d\000s\000h\000i\000f\000t\000-\000D\000i\000s\000t\000a\000n\000c\000e\000\137\000M\000o\000d\000u\000l\000u\000s\000\040\000S\000c\000a\000l\000i\000n\000g\000\040\000R\000e\000l\000a\000t\000i\000o\000n\000\040\000\050\000v\0006\000\051\000\040\000\050\000H\0000\0002\0008\000\051}{section.2}% 32
\BOOKMARK [2][-]{subsection.2.31}{\376\377\000G\000a\000l\000a\000x\000y\000\040\000R\000e\000d\000s\000h\000i\000f\000t\000\040\000B\000i\000m\000o\000d\000a\000l\000i\000t\000y\000\040\000D\000e\000e\000p\000\040\000D\000i\000v\000e\000\040\000\050\000v\0005\000\051\000\040\000\050\000H\0000\0002\0009\000\051}{section.2}% 33
\BOOKMARK [2][-]{subsection.2.32}{\376\377\000E\000x\000o\000p\000l\000a\000n\000e\000t\000\040\000R\000e\000d\000s\000h\000i\000f\000t\000-\000D\000i\000s\000t\000a\000n\000c\000e\000\137\000M\000o\000d\000u\000l\000u\000s\000\040\000S\000c\000a\000l\000i\000n\000g\000\040\000R\000e\000l\000a\000t\000i\000o\000n\000\040\000\050\000v\0007\000\051\000\040\000\050\000H\0000\0003\0000\000\051}{section.2}% 34
\BOOKMARK [2][-]{subsection.2.33}{\376\377\000G\000a\000l\000a\000x\000y\000\040\000R\000e\000d\000s\000h\000i\000f\000t\000\040\000B\000i\000m\000o\000d\000a\000l\000i\000t\000y\000\040\000D\000e\000e\000p\000\040\000D\000i\000v\000e\000\040\000\050\000v\0006\000\051\000\040\000\050\000H\0000\0003\0001\000\051}{section.2}% 35
\BOOKMARK [2][-]{subsection.2.34}{\376\377\000E\000x\000o\000p\000l\000a\000n\000e\000t\000\040\000R\000e\000d\000s\000h\000i\000f\000t\000-\000D\000i\000s\000t\000a\000n\000c\000e\000\137\000M\000o\000d\000u\000l\000u\000s\000\040\000S\000c\000a\000l\000i\000n\000g\000\040\000R\000e\000l\000a\000t\000i\000o\000n\000\040\000\050\000v\0008\000\051\000\040\000\050\000H\0000\0003\0002\000\051}{section.2}% 36
\BOOKMARK [2][-]{subsection.2.35}{\376\377\000G\000a\000l\000a\000x\000y\000\040\000R\000e\000d\000s\000h\000i\000f\000t\000\040\000B\000i\000m\000o\000d\000a\000l\000i\000t\000y\000\040\000D\000e\000e\000p\000\040\000D\000i\000v\000e\000\040\000\050\000v\0007\000\051\000\040\000\050\000H\0000\0003\0003\000\051}{section.2}% 37
\BOOKMARK [2][-]{subsection.2.36}{\376\377\000E\000x\000o\000p\000l\000a\000n\000e\000t\000\040\000R\000e\000d\000s\000h\000i\000f\000t\000-\000D\000i\000s\000t\000a\000n\000c\000e\000\137\000M\000o\000d\000u\000l\000u\000s\000\040\000S\000c\000a\000l\000i\000n\000g\000\040\000R\000e\000l\000a\000t\000i\000o\000n\000\040\000\050\000v\0009\000\051\000\040\000\050\000H\0000\0003\0004\000\051}{section.2}% 38
\BOOKMARK [2][-]{subsection.2.37}{\376\377\000G\000a\000l\000a\000x\000y\000\040\000R\000e\000d\000s\000h\000i\000f\000t\000\040\000B\000i\000m\000o\000d\000a\000l\000i\000t\000y\000\040\000D\000e\000e\000p\000\040\000D\000i\000v\000e\000\040\000\050\000v\0008\000\051\000\040\000\050\000H\0000\0003\0005\000\051}{section.2}% 39
\BOOKMARK [2][-]{subsection.2.38}{\376\377\000E\000x\000o\000p\000l\000a\000n\000e\000t\000\040\000R\000e\000d\000s\000h\000i\000f\000t\000-\000D\000i\000s\000t\000a\000n\000c\000e\000\137\000M\000o\000d\000u\000l\000u\000s\000\040\000S\000c\000a\000l\000i\000n\000g\000\040\000R\000e\000l\000a\000t\000i\000o\000n\000\040\000\050\000v\0001\0000\000\051\000\040\000\050\000H\0000\0003\0006\000\051}{section.2}% 40
\BOOKMARK [2][-]{subsection.2.39}{\376\377\000G\000a\000l\000a\000x\000y\000\040\000R\000e\000d\000s\000h\000i\000f\000t\000\040\000B\000i\000m\000o\000d\000a\000l\000i\000t\000y\000\040\000D\000e\000e\000p\000\040\000D\000i\000v\000e\000\040\000\050\000v\0009\000\051\000\040\000\050\000H\0000\0003\0007\000\051}{section.2}% 41
\BOOKMARK [2][-]{subsection.2.40}{\376\377\000E\000x\000o\000p\000l\000a\000n\000e\000t\000\040\000R\000e\000d\000s\000h\000i\000f\000t\000-\000D\000i\000s\000t\000a\000n\000c\000e\000\137\000M\000o\000d\000u\000l\000u\000s\000\040\000S\000c\000a\000l\000i\000n\000g\000\040\000R\000e\000l\000a\000t\000i\000o\000n\000\040\000\050\000v\0001\0001\000\051\000\040\000\050\000H\0000\0003\0008\000\051}{section.2}% 42
\BOOKMARK [2][-]{subsection.2.41}{\376\377\000G\000a\000l\000a\000x\000y\000\040\000R\000e\000d\000s\000h\000i\000f\000t\000\040\000B\000i\000m\000o\000d\000a\000l\000i\000t\000y\000\040\000D\000e\000e\000p\000\040\000D\000i\000v\000e\000\040\000\050\000v\0001\0000\000\051\000\040\000\050\000H\0000\0003\0009\000\051}{section.2}% 43
\BOOKMARK [1][-]{section.A1}{\376\377\000D\000i\000s\000c\000o\000v\000e\000r\000y\000\040\000L\000o\000g}{}% 44
\BOOKMARK [2][-]{subsection.A1.1}{\376\377\000D\000i\000s\000c\000o\000v\000e\000r\000y\000\040\000D\000e\000t\000a\000i\000l\000s}{section.A1}% 45
